[    2942ms] [INFO] %cDownload the React DevTools for a better development experience: https://react.dev/link/react-devtools font-weight:bold @ http://localhost:3001/_next/static/chunks/64f4f_next_dist_2971b8eb._.js:2297
[    2988ms] [LOG] [HMR] connected @ http://localhost:3001/_next/static/chunks/64f4f_next_dist_2971b8eb._.js:2297
[    3117ms] [LOG] [Fast Refresh] rebuilding @ http://localhost:3001/_next/static/chunks/64f4f_next_dist_2971b8eb._.js:2297
[    3326ms] [LOG] %c[Vercel Web Analytics]%c Debug mode is enabled by default in development. No requests will be sent to the server. color: rgb(120, 120, 120) color: inherit @ http://localhost:3001/_next/static/chunks/64f4f_next_dist_2971b8eb._.js:2297
[    3326ms] [LOG] %c[Vercel Web Analytics]%c Running queued event color: rgb(120, 120, 120) color: inherit pageview {route: /drafts, path: /drafts} @ http://localhost:3001/_next/static/chunks/64f4f_next_dist_2971b8eb._.js:2297
[    3328ms] [LOG] %c[Vercel Web Analytics]%c [view] http://localhost:3001/drafts color: rgb(120, 120, 120) color: inherit {o: http://localhost:3001/drafts, sv: 0.1.3, sdkn: @vercel/analytics/next, sdkv: 1.3.1, ts: 1777429942622} /_vercel/insights/view @ http://localhost:3001/_next/static/chunks/64f4f_next_dist_2971b8eb._.js:2297
[    3465ms] [ERROR] Failed to load resource: the server responded with a status of 500 (Internal Server Error) @ http://localhost:3001/api/drafts:0
[    3470ms] [ERROR] Error loading drafts: {message: Failed to load drafts, code: undefined, details: undefined, status: 500} @ http://localhost:3001/_next/static/chunks/64f4f_next_dist_2971b8eb._.js:3127
[    3471ms] [LOG] [Fast Refresh] done in 456ms @ http://localhost:3001/_next/static/chunks/64f4f_next_dist_2971b8eb._.js:2297
[  154493ms] [LOG] [Fast Refresh] rebuilding @ http://localhost:3001/_next/static/chunks/64f4f_next_dist_2971b8eb._.js:2297
[  154618ms] [LOG] [Fast Refresh] done in 29ms @ http://localhost:3001/_next/static/chunks/64f4f_next_dist_2971b8eb._.js:2297
[  154721ms] [LOG] [Fast Refresh] rebuilding @ http://localhost:3001/_next/static/chunks/64f4f_next_dist_2971b8eb._.js:2297
[  154762ms] [LOG] [Fast Refresh] done in 144ms @ http://localhost:3001/_next/static/chunks/64f4f_next_dist_2971b8eb._.js:2297
[  294793ms] [INFO] %cDownload the React DevTools for a better development experience: https://react.dev/link/react-devtools font-weight:bold @ http://localhost:3001/_next/static/chunks/64f4f_next_dist_2971b8eb._.js:2297
[  294804ms] [LOG] [HMR] connected @ http://localhost:3001/_next/static/chunks/64f4f_next_dist_2971b8eb._.js:2297
[  297039ms] [LOG] %c[Vercel Web Analytics]%c Debug mode is enabled by default in development. No requests will be sent to the server. color: rgb(120, 120, 120) color: inherit @ http://localhost:3001/_next/static/chunks/64f4f_next_dist_2971b8eb._.js:2297
[  297039ms] [LOG] %c[Vercel Web Analytics]%c Running queued event color: rgb(120, 120, 120) color: inherit pageview {route: /drafts, path: /drafts} @ http://localhost:3001/_next/static/chunks/64f4f_next_dist_2971b8eb._.js:2297
[  297040ms] [LOG] %c[Vercel Web Analytics]%c [view] http://localhost:3001/drafts color: rgb(120, 120, 120) color: inherit {o: http://localhost:3001/drafts, sv: 0.1.3, sdkn: @vercel/analytics/next, sdkv: 1.3.1, ts: 1777430236335} /_vercel/insights/view @ http://localhost:3001/_next/static/chunks/64f4f_next_dist_2971b8eb._.js:2297
[  315666ms] [ERROR] WebSocket connection to 'ws://localhost:3001/_next/webpack-hmr?id=FRGqvktjI31nUnTK5Xjtk' failed:  @ http://localhost:3001/_next/static/chunks/64f4f_next_dist_client_b3db1dbf._.js:10876
[  316678ms] [ERROR] WebSocket connection to 'ws://localhost:3001/_next/webpack-hmr?id=FRGqvktjI31nUnTK5Xjtk' failed: Error in connection establishment: net::ERR_CONNECTION_REFUSED @ http://localhost:3001/_next/static/chunks/64f4f_next_dist_client_b3db1dbf._.js:10876
[  317680ms] [ERROR] WebSocket connection to 'ws://localhost:3001/_next/webpack-hmr?id=FRGqvktjI31nUnTK5Xjtk' failed: Error in connection establishment: net::ERR_CONNECTION_REFUSED @ http://localhost:3001/_next/static/chunks/64f4f_next_dist_client_b3db1dbf._.js:10876
[  318683ms] [ERROR] WebSocket connection to 'ws://localhost:3001/_next/webpack-hmr?id=FRGqvktjI31nUnTK5Xjtk' failed: Error in connection establishment: net::ERR_CONNECTION_REFUSED @ http://localhost:3001/_next/static/chunks/64f4f_next_dist_client_b3db1dbf._.js:10876
[  319685ms] [ERROR] WebSocket connection to 'ws://localhost:3001/_next/webpack-hmr?id=FRGqvktjI31nUnTK5Xjtk' failed: Error in connection establishment: net::ERR_CONNECTION_REFUSED @ http://localhost:3001/_next/static/chunks/64f4f_next_dist_client_b3db1dbf._.js:10876
[  320691ms] [ERROR] WebSocket connection to 'ws://localhost:3001/_next/webpack-hmr?id=FRGqvktjI31nUnTK5Xjtk' failed: Error in connection establishment: net::ERR_CONNECTION_REFUSED @ http://localhost:3001/_next/static/chunks/64f4f_next_dist_client_b3db1dbf._.js:10876
[  325698ms] [ERROR] WebSocket connection to 'ws://localhost:3001/_next/webpack-hmr?id=FRGqvktjI31nUnTK5Xjtk' failed: Error in connection establishment: net::ERR_CONNECTION_REFUSED @ http://localhost:3001/_next/static/chunks/64f4f_next_dist_client_b3db1dbf._.js:10876
[  330706ms] [ERROR] WebSocket connection to 'ws://localhost:3001/_next/webpack-hmr?id=FRGqvktjI31nUnTK5Xjtk' failed: Error in connection establishment: net::ERR_CONNECTION_REFUSED @ http://localhost:3001/_next/static/chunks/64f4f_next_dist_client_b3db1dbf._.js:10876
[  335717ms] [ERROR] WebSocket connection to 'ws://localhost:3001/_next/webpack-hmr?id=FRGqvktjI31nUnTK5Xjtk' failed: Error in connection establishment: net::ERR_CONNECTION_REFUSED @ http://localhost:3001/_next/static/chunks/64f4f_next_dist_client_b3db1dbf._.js:10876
[  340747ms] [ERROR] WebSocket connection to 'ws://localhost:3001/_next/webpack-hmr?id=FRGqvktjI31nUnTK5Xjtk' failed: Error in connection establishment: net::ERR_CONNECTION_REFUSED @ http://localhost:3001/_next/static/chunks/64f4f_next_dist_client_b3db1dbf._.js:10876
[  345806ms] [ERROR] WebSocket connection to 'ws://localhost:3001/_next/webpack-hmr?id=FRGqvktjI31nUnTK5Xjtk' failed: Error in connection establishment: net::ERR_CONNECTION_REFUSED @ http://localhost:3001/_next/static/chunks/64f4f_next_dist_client_b3db1dbf._.js:10876
[  350874ms] [LOG] [HMR] connected @ http://localhost:3001/_next/static/chunks/64f4f_next_dist_2971b8eb._.js:2297
[  351437ms] [INFO] %cDownload the React DevTools for a better development experience: https://react.dev/link/react-devtools font-weight:bold @ http://localhost:3001/_next/static/chunks/64f4f_next_dist_2971b8eb._.js:2297
[  351452ms] [LOG] [HMR] connected @ http://localhost:3001/_next/static/chunks/64f4f_next_dist_2971b8eb._.js:2297
[  352378ms] [LOG] %c[Vercel Web Analytics]%c Debug mode is enabled by default in development. No requests will be sent to the server. color: rgb(120, 120, 120) color: inherit @ http://localhost:3001/_next/static/chunks/64f4f_next_dist_2971b8eb._.js:2297
[  352378ms] [LOG] %c[Vercel Web Analytics]%c Running queued event color: rgb(120, 120, 120) color: inherit pageview {route: /drafts, path: /drafts} @ http://localhost:3001/_next/static/chunks/64f4f_next_dist_2971b8eb._.js:2297
[  352378ms] [LOG] %c[Vercel Web Analytics]%c [view] http://localhost:3001/drafts color: rgb(120, 120, 120) color: inherit {o: http://localhost:3001/drafts, sv: 0.1.3, sdkn: @vercel/analytics/next, sdkv: 1.3.1, ts: 1777430291673} /_vercel/insights/view @ http://localhost:3001/_next/static/chunks/64f4f_next_dist_2971b8eb._.js:2297
